<?xml version="1.0" encoding="UTF-8"?>
<testsuite name="io.github.bibekshakya35.web.SeleniumTest" tests="1" skipped="0" failures="1" errors="0" timestamp="2017-06-04T09:55:24" hostname="bibek-Lenovo-B470" time="56.997">
  <properties/>
  <testcase name="wikipediaSearchFeature" classname="io.github.bibekshakya35.web.SeleniumTest" time="56.997">
    <failure message="org.openqa.selenium.WebDriverException: Failed to connect to binary FirefoxBinary(/usr/bin/firefox) on port 7055; process output follows: &#10;ozilla.org.xpi&#10;1496570134813&#9;addons.xpi&#9;DEBUG&#9;Loading bootstrap scope from /usr/lib/firefox/browser/features/aushelper@mozilla.org.xpi&#10;1496570134821&#9;addons.xpi&#9;DEBUG&#9;Calling bootstrap method startup on aushelper@mozilla.org version 2.0&#10;1496570134821&#9;addons.xpi&#9;DEBUG&#9;Registering manifest for /usr/lib/firefox/browser/features/e10srollout@mozilla.org.xpi&#10;1496570134822&#9;addons.xpi&#9;DEBUG&#9;Loading bootstrap scope from /usr/lib/firefox/browser/features/e10srollout@mozilla.org.xpi&#10;1496570134825&#9;addons.xpi&#9;DEBUG&#9;Calling bootstrap method startup on e10srollout@mozilla.org version 1.14&#10;1496570134826&#9;addons.xpi&#9;DEBUG&#9;Registering manifest for /usr/lib/firefox/browser/features/firefox@getpocket.com.xpi&#10;1496570134828&#9;addons.xpi&#9;DEBUG&#9;Loading bootstrap scope from /usr/lib/firefox/browser/features/firefox@getpocket.com.xpi&#10;1496570134833&#9;addons.xpi&#9;DEBUG&#9;Calling bootstrap method startup on firefox@getpocket.com version 1.0.5&#10;1496570134843&#9;addons.xpi-utils&#9;DEBUG&#9;Starting async load of XPI database /tmp/anonymous4259456679228090534webdriver-profile/extensions.json&#10;1496570134845&#9;addons.xpi&#9;DEBUG&#9;Registering manifest for /usr/lib/firefox/browser/extensions/langpack-en-GB@firefox.mozilla.org.xpi&#10;1496570134848&#9;addons.xpi&#9;DEBUG&#9;Registering manifest for /usr/lib/firefox/browser/extensions/langpack-en-ZA@firefox.mozilla.org.xpi&#10;1496570134851&#9;addons.xpi&#9;DEBUG&#9;Registering manifest for /usr/lib/firefox/browser/features/webcompat@mozilla.org.xpi&#10;1496570134852&#9;addons.xpi&#9;DEBUG&#9;Loading bootstrap scope from /usr/lib/firefox/browser/features/webcompat@mozilla.org.xpi&#10;1496570134854&#9;addons.xpi&#9;DEBUG&#9;Calling bootstrap method startup on webcompat@mozilla.org version 1.0&#10;1496570134857&#9;addons.manager&#9;DEBUG&#9;Registering shutdown blocker for XPIProvider&#10;1496570134857&#9;addons.manager&#9;DEBUG&#9;Provider finished startup: XPIProvider&#10;1496570134857&#9;addons.manager&#9;DEBUG&#9;Starting provider: LightweightThemeManager&#10;1496570134857&#9;addons.manager&#9;DEBUG&#9;Registering shutdown blocker for LightweightThemeManager&#10;1496570134858&#9;addons.manager&#9;DEBUG&#9;Provider finished startup: LightweightThemeManager&#10;1496570134859&#9;addons.manager&#9;DEBUG&#9;Starting provider: GMPProvider&#10;1496570134865&#9;addons.manager&#9;DEBUG&#9;Registering shutdown blocker for GMPProvider&#10;1496570134866&#9;addons.manager&#9;DEBUG&#9;Provider finished startup: GMPProvider&#10;1496570134866&#9;addons.manager&#9;DEBUG&#9;Starting provider: PluginProvider&#10;1496570134867&#9;addons.manager&#9;DEBUG&#9;Registering shutdown blocker for PluginProvider&#10;1496570134867&#9;addons.manager&#9;DEBUG&#9;Provider finished startup: PluginProvider&#10;1496570134868&#9;addons.manager&#9;DEBUG&#9;Completed startup sequence&#10;1496570135264&#9;addons.xpi-utils&#9;DEBUG&#9;Async JSON file read took 0 MS&#10;1496570135264&#9;addons.xpi-utils&#9;DEBUG&#9;Finished async read of XPI database, parsing...&#10;1496570135270&#9;addons.xpi-utils&#9;DEBUG&#9;Successfully read XPI database&#10;1496570135290&#9;addons.manager&#9;DEBUG&#9;Starting provider: &lt;unnamed-provider&gt;&#10;1496570135290&#9;addons.manager&#9;DEBUG&#9;Registering shutdown blocker for &lt;unnamed-provider&gt;&#10;1496570135291&#9;addons.manager&#9;DEBUG&#9;Provider finished startup: &lt;unnamed-provider&gt;&#10;*** Blocklist::_loadBlocklistFromFile: blocklist is disabled&#10;1496570135473&#9;addons.manager&#9;DEBUG&#9;Starting provider: PreviousExperimentProvider&#10;1496570135474&#9;addons.manager&#9;DEBUG&#9;Registering shutdown blocker for PreviousExperimentProvider&#10;1496570135474&#9;addons.manager&#9;DEBUG&#9;Provider finished startup: PreviousExperimentProvider&#10;1496570148089&#9;addons.xpi&#9;DEBUG&#9;Add-on fxdriver@googlecode.com blocks e10s rollout.&#10;1496570148091&#9;addons.xpi&#9;DEBUG&#9;Add-on fxdriver@googlecode.com blocks e10s rollout.&#10;1496570148092&#9;addons.xpi&#9;DEBUG&#9;Add-on fxdriver@googlecode.com blocks e10s rollout.&#10;1496570148107&#9;addons.xpi&#9;DEBUG&#9;Add-on ubufox@ubuntu.com blocks e10s rollout.&#10;1496570148108&#9;addons.xpi&#9;DEBUG&#9;Add-on ubufox@ubuntu.com blocks e10s rollout.&#10;1496570148110&#9;addons.xpi&#9;DEBUG&#9;Add-on ubufox@ubuntu.com blocks e10s rollout.&#10;1496570151494&#9;addons.xpi&#9;DEBUG&#9;Add-on fxdriver@googlecode.com blocks e10s rollout.&#10;1496570151496&#9;addons.xpi&#9;DEBUG&#9;Add-on fxdriver@googlecode.com blocks e10s rollout.&#10;1496570151499&#9;addons.xpi&#9;DEBUG&#9;Add-on fxdriver@googlecode.com blocks e10s rollout.&#10;&#10;Build info: version: '2.45.0', revision: '5017cb8e7ca8e37638dc3091b2440b90a1d8686f', time: '2015-02-27 09:10:26'&#10;System info: host: 'bibek-Lenovo-B470', ip: '127.0.1.1', os.name: 'Linux', os.arch: 'amd64', os.version: '4.4.0-78-generic', java.version: '1.8.0_121'&#10;Driver info: driver.version: FirefoxDriver" type="org.openqa.selenium.WebDriverException">org.openqa.selenium.WebDriverException: Failed to connect to binary FirefoxBinary(/usr/bin/firefox) on port 7055; process output follows: 
ozilla.org.xpi
1496570134813	addons.xpi	DEBUG	Loading bootstrap scope from /usr/lib/firefox/browser/features/aushelper@mozilla.org.xpi
1496570134821	addons.xpi	DEBUG	Calling bootstrap method startup on aushelper@mozilla.org version 2.0
1496570134821	addons.xpi	DEBUG	Registering manifest for /usr/lib/firefox/browser/features/e10srollout@mozilla.org.xpi
1496570134822	addons.xpi	DEBUG	Loading bootstrap scope from /usr/lib/firefox/browser/features/e10srollout@mozilla.org.xpi
1496570134825	addons.xpi	DEBUG	Calling bootstrap method startup on e10srollout@mozilla.org version 1.14
1496570134826	addons.xpi	DEBUG	Registering manifest for /usr/lib/firefox/browser/features/firefox@getpocket.com.xpi
1496570134828	addons.xpi	DEBUG	Loading bootstrap scope from /usr/lib/firefox/browser/features/firefox@getpocket.com.xpi
1496570134833	addons.xpi	DEBUG	Calling bootstrap method startup on firefox@getpocket.com version 1.0.5
1496570134843	addons.xpi-utils	DEBUG	Starting async load of XPI database /tmp/anonymous4259456679228090534webdriver-profile/extensions.json
1496570134845	addons.xpi	DEBUG	Registering manifest for /usr/lib/firefox/browser/extensions/langpack-en-GB@firefox.mozilla.org.xpi
1496570134848	addons.xpi	DEBUG	Registering manifest for /usr/lib/firefox/browser/extensions/langpack-en-ZA@firefox.mozilla.org.xpi
1496570134851	addons.xpi	DEBUG	Registering manifest for /usr/lib/firefox/browser/features/webcompat@mozilla.org.xpi
1496570134852	addons.xpi	DEBUG	Loading bootstrap scope from /usr/lib/firefox/browser/features/webcompat@mozilla.org.xpi
1496570134854	addons.xpi	DEBUG	Calling bootstrap method startup on webcompat@mozilla.org version 1.0
1496570134857	addons.manager	DEBUG	Registering shutdown blocker for XPIProvider
1496570134857	addons.manager	DEBUG	Provider finished startup: XPIProvider
1496570134857	addons.manager	DEBUG	Starting provider: LightweightThemeManager
1496570134857	addons.manager	DEBUG	Registering shutdown blocker for LightweightThemeManager
1496570134858	addons.manager	DEBUG	Provider finished startup: LightweightThemeManager
1496570134859	addons.manager	DEBUG	Starting provider: GMPProvider
1496570134865	addons.manager	DEBUG	Registering shutdown blocker for GMPProvider
1496570134866	addons.manager	DEBUG	Provider finished startup: GMPProvider
1496570134866	addons.manager	DEBUG	Starting provider: PluginProvider
1496570134867	addons.manager	DEBUG	Registering shutdown blocker for PluginProvider
1496570134867	addons.manager	DEBUG	Provider finished startup: PluginProvider
1496570134868	addons.manager	DEBUG	Completed startup sequence
1496570135264	addons.xpi-utils	DEBUG	Async JSON file read took 0 MS
1496570135264	addons.xpi-utils	DEBUG	Finished async read of XPI database, parsing...
1496570135270	addons.xpi-utils	DEBUG	Successfully read XPI database
1496570135290	addons.manager	DEBUG	Starting provider: &lt;unnamed-provider&gt;
1496570135290	addons.manager	DEBUG	Registering shutdown blocker for &lt;unnamed-provider&gt;
1496570135291	addons.manager	DEBUG	Provider finished startup: &lt;unnamed-provider&gt;
*** Blocklist::_loadBlocklistFromFile: blocklist is disabled
1496570135473	addons.manager	DEBUG	Starting provider: PreviousExperimentProvider
1496570135474	addons.manager	DEBUG	Registering shutdown blocker for PreviousExperimentProvider
1496570135474	addons.manager	DEBUG	Provider finished startup: PreviousExperimentProvider
1496570148089	addons.xpi	DEBUG	Add-on fxdriver@googlecode.com blocks e10s rollout.
1496570148091	addons.xpi	DEBUG	Add-on fxdriver@googlecode.com blocks e10s rollout.
1496570148092	addons.xpi	DEBUG	Add-on fxdriver@googlecode.com blocks e10s rollout.
1496570148107	addons.xpi	DEBUG	Add-on ubufox@ubuntu.com blocks e10s rollout.
1496570148108	addons.xpi	DEBUG	Add-on ubufox@ubuntu.com blocks e10s rollout.
1496570148110	addons.xpi	DEBUG	Add-on ubufox@ubuntu.com blocks e10s rollout.
1496570151494	addons.xpi	DEBUG	Add-on fxdriver@googlecode.com blocks e10s rollout.
1496570151496	addons.xpi	DEBUG	Add-on fxdriver@googlecode.com blocks e10s rollout.
1496570151499	addons.xpi	DEBUG	Add-on fxdriver@googlecode.com blocks e10s rollout.

Build info: version: '2.45.0', revision: '5017cb8e7ca8e37638dc3091b2440b90a1d8686f', time: '2015-02-27 09:10:26'
System info: host: 'bibek-Lenovo-B470', ip: '127.0.1.1', os.name: 'Linux', os.arch: 'amd64', os.version: '4.4.0-78-generic', java.version: '1.8.0_121'
Driver info: driver.version: FirefoxDriver
	at org.openqa.selenium.firefox.internal.NewProfileExtensionConnection.start(NewProfileExtensionConnection.java:130)
	at org.openqa.selenium.firefox.FirefoxDriver.startClient(FirefoxDriver.java:246)
	at org.openqa.selenium.remote.RemoteWebDriver.&lt;init&gt;(RemoteWebDriver.java:114)
	at org.openqa.selenium.firefox.FirefoxDriver.&lt;init&gt;(FirefoxDriver.java:191)
	at org.openqa.selenium.firefox.FirefoxDriver.&lt;init&gt;(FirefoxDriver.java:186)
	at org.openqa.selenium.firefox.FirefoxDriver.&lt;init&gt;(FirefoxDriver.java:182)
	at org.openqa.selenium.firefox.FirefoxDriver.&lt;init&gt;(FirefoxDriver.java:95)
	at io.github.bibekshakya35.web.SeleniumTest.wikipediaSearchFeature(SeleniumTest.java:21)
	at sun.reflect.NativeMethodAccessorImpl.invoke0(Native Method)
	at sun.reflect.NativeMethodAccessorImpl.invoke(NativeMethodAccessorImpl.java:62)
	at sun.reflect.DelegatingMethodAccessorImpl.invoke(DelegatingMethodAccessorImpl.java:43)
	at java.lang.reflect.Method.invoke(Method.java:498)
	at org.junit.runners.model.FrameworkMethod$1.runReflectiveCall(FrameworkMethod.java:50)
	at org.junit.internal.runners.model.ReflectiveCallable.run(ReflectiveCallable.java:12)
	at org.junit.runners.model.FrameworkMethod.invokeExplosively(FrameworkMethod.java:47)
	at org.junit.internal.runners.statements.InvokeMethod.evaluate(InvokeMethod.java:17)
	at org.junit.runners.ParentRunner.runLeaf(ParentRunner.java:325)
	at org.junit.runners.BlockJUnit4ClassRunner.runChild(BlockJUnit4ClassRunner.java:78)
	at org.junit.runners.BlockJUnit4ClassRunner.runChild(BlockJUnit4ClassRunner.java:57)
	at org.junit.runners.ParentRunner$3.run(ParentRunner.java:290)
	at org.junit.runners.ParentRunner$1.schedule(ParentRunner.java:71)
	at org.junit.runners.ParentRunner.runChildren(ParentRunner.java:288)
	at org.junit.runners.ParentRunner.access$000(ParentRunner.java:58)
	at org.junit.runners.ParentRunner$2.evaluate(ParentRunner.java:268)
	at org.junit.runners.ParentRunner.run(ParentRunner.java:363)
	at org.gradle.api.internal.tasks.testing.junit.JUnitTestClassExecuter.runTestClass(JUnitTestClassExecuter.java:112)
	at org.gradle.api.internal.tasks.testing.junit.JUnitTestClassExecuter.execute(JUnitTestClassExecuter.java:56)
	at org.gradle.api.internal.tasks.testing.junit.JUnitTestClassProcessor.processTestClass(JUnitTestClassProcessor.java:66)
	at org.gradle.api.internal.tasks.testing.SuiteTestClassProcessor.processTestClass(SuiteTestClassProcessor.java:51)
	at sun.reflect.NativeMethodAccessorImpl.invoke0(Native Method)
	at sun.reflect.NativeMethodAccessorImpl.invoke(NativeMethodAccessorImpl.java:62)
	at sun.reflect.DelegatingMethodAccessorImpl.invoke(DelegatingMethodAccessorImpl.java:43)
	at java.lang.reflect.Method.invoke(Method.java:498)
	at org.gradle.messaging.dispatch.ReflectionDispatch.dispatch(ReflectionDispatch.java:35)
	at org.gradle.messaging.dispatch.ReflectionDispatch.dispatch(ReflectionDispatch.java:24)
	at org.gradle.messaging.dispatch.ContextClassLoaderDispatch.dispatch(ContextClassLoaderDispatch.java:32)
	at org.gradle.messaging.dispatch.ProxyDispatchAdapter$DispatchingInvocationHandler.invoke(ProxyDispatchAdapter.java:93)
	at com.sun.proxy.$Proxy2.processTestClass(Unknown Source)
	at org.gradle.api.internal.tasks.testing.worker.TestWorker.processTestClass(TestWorker.java:109)
	at sun.reflect.NativeMethodAccessorImpl.invoke0(Native Method)
	at sun.reflect.NativeMethodAccessorImpl.invoke(NativeMethodAccessorImpl.java:62)
	at sun.reflect.DelegatingMethodAccessorImpl.invoke(DelegatingMethodAccessorImpl.java:43)
	at java.lang.reflect.Method.invoke(Method.java:498)
	at org.gradle.messaging.dispatch.ReflectionDispatch.dispatch(ReflectionDispatch.java:35)
	at org.gradle.messaging.dispatch.ReflectionDispatch.dispatch(ReflectionDispatch.java:24)
	at org.gradle.messaging.remote.internal.hub.MessageHub$Handler.run(MessageHub.java:364)
	at org.gradle.internal.concurrent.ExecutorPolicy$CatchAndRecordFailures.onExecute(ExecutorPolicy.java:54)
	at org.gradle.internal.concurrent.StoppableExecutorImpl$1.run(StoppableExecutorImpl.java:40)
	at java.util.concurrent.ThreadPoolExecutor.runWorker(ThreadPoolExecutor.java:1142)
	at java.util.concurrent.ThreadPoolExecutor$Worker.run(ThreadPoolExecutor.java:617)
	at java.lang.Thread.run(Thread.java:745)
Caused by: org.openqa.selenium.firefox.NotConnectedException: Unable to connect to host 127.0.0.1 on port 7055 after 45000 ms. Firefox console output:
ozilla.org.xpi
1496570134813	addons.xpi	DEBUG	Loading bootstrap scope from /usr/lib/firefox/browser/features/aushelper@mozilla.org.xpi
1496570134821	addons.xpi	DEBUG	Calling bootstrap method startup on aushelper@mozilla.org version 2.0
1496570134821	addons.xpi	DEBUG	Registering manifest for /usr/lib/firefox/browser/features/e10srollout@mozilla.org.xpi
1496570134822	addons.xpi	DEBUG	Loading bootstrap scope from /usr/lib/firefox/browser/features/e10srollout@mozilla.org.xpi
1496570134825	addons.xpi	DEBUG	Calling bootstrap method startup on e10srollout@mozilla.org version 1.14
1496570134826	addons.xpi	DEBUG	Registering manifest for /usr/lib/firefox/browser/features/firefox@getpocket.com.xpi
1496570134828	addons.xpi	DEBUG	Loading bootstrap scope from /usr/lib/firefox/browser/features/firefox@getpocket.com.xpi
1496570134833	addons.xpi	DEBUG	Calling bootstrap method startup on firefox@getpocket.com version 1.0.5
1496570134843	addons.xpi-utils	DEBUG	Starting async load of XPI database /tmp/anonymous4259456679228090534webdriver-profile/extensions.json
1496570134845	addons.xpi	DEBUG	Registering manifest for /usr/lib/firefox/browser/extensions/langpack-en-GB@firefox.mozilla.org.xpi
1496570134848	addons.xpi	DEBUG	Registering manifest for /usr/lib/firefox/browser/extensions/langpack-en-ZA@firefox.mozilla.org.xpi
1496570134851	addons.xpi	DEBUG	Registering manifest for /usr/lib/firefox/browser/features/webcompat@mozilla.org.xpi
1496570134852	addons.xpi	DEBUG	Loading bootstrap scope from /usr/lib/firefox/browser/features/webcompat@mozilla.org.xpi
1496570134854	addons.xpi	DEBUG	Calling bootstrap method startup on webcompat@mozilla.org version 1.0
1496570134857	addons.manager	DEBUG	Registering shutdown blocker for XPIProvider
1496570134857	addons.manager	DEBUG	Provider finished startup: XPIProvider
1496570134857	addons.manager	DEBUG	Starting provider: LightweightThemeManager
1496570134857	addons.manager	DEBUG	Registering shutdown blocker for LightweightThemeManager
1496570134858	addons.manager	DEBUG	Provider finished startup: LightweightThemeManager
1496570134859	addons.manager	DEBUG	Starting provider: GMPProvider
1496570134865	addons.manager	DEBUG	Registering shutdown blocker for GMPProvider
1496570134866	addons.manager	DEBUG	Provider finished startup: GMPProvider
1496570134866	addons.manager	DEBUG	Starting provider: PluginProvider
1496570134867	addons.manager	DEBUG	Registering shutdown blocker for PluginProvider
1496570134867	addons.manager	DEBUG	Provider finished startup: PluginProvider
1496570134868	addons.manager	DEBUG	Completed startup sequence
1496570135264	addons.xpi-utils	DEBUG	Async JSON file read took 0 MS
1496570135264	addons.xpi-utils	DEBUG	Finished async read of XPI database, parsing...
1496570135270	addons.xpi-utils	DEBUG	Successfully read XPI database
1496570135290	addons.manager	DEBUG	Starting provider: &lt;unnamed-provider&gt;
1496570135290	addons.manager	DEBUG	Registering shutdown blocker for &lt;unnamed-provider&gt;
1496570135291	addons.manager	DEBUG	Provider finished startup: &lt;unnamed-provider&gt;
*** Blocklist::_loadBlocklistFromFile: blocklist is disabled
1496570135473	addons.manager	DEBUG	Starting provider: PreviousExperimentProvider
1496570135474	addons.manager	DEBUG	Registering shutdown blocker for PreviousExperimentProvider
1496570135474	addons.manager	DEBUG	Provider finished startup: PreviousExperimentProvider
1496570148089	addons.xpi	DEBUG	Add-on fxdriver@googlecode.com blocks e10s rollout.
1496570148091	addons.xpi	DEBUG	Add-on fxdriver@googlecode.com blocks e10s rollout.
1496570148092	addons.xpi	DEBUG	Add-on fxdriver@googlecode.com blocks e10s rollout.
1496570148107	addons.xpi	DEBUG	Add-on ubufox@ubuntu.com blocks e10s rollout.
1496570148108	addons.xpi	DEBUG	Add-on ubufox@ubuntu.com blocks e10s rollout.
1496570148110	addons.xpi	DEBUG	Add-on ubufox@ubuntu.com blocks e10s rollout.
1496570151494	addons.xpi	DEBUG	Add-on fxdriver@googlecode.com blocks e10s rollout.
1496570151496	addons.xpi	DEBUG	Add-on fxdriver@googlecode.com blocks e10s rollout.
1496570151499	addons.xpi	DEBUG	Add-on fxdriver@googlecode.com blocks e10s rollout.

	at org.openqa.selenium.firefox.internal.NewProfileExtensionConnection.start(NewProfileExtensionConnection.java:118)
	... 50 more
</failure>
  </testcase>
  <system-out><![CDATA[]]></system-out>
  <system-err><![CDATA[org.openqa.selenium.firefox.NotConnectedException: Unable to connect to host 127.0.0.1 on port 7055 after 45000 ms. Firefox console output:
ozilla.org.xpi
1496570134813	addons.xpi	DEBUG	Loading bootstrap scope from /usr/lib/firefox/browser/features/aushelper@mozilla.org.xpi
1496570134821	addons.xpi	DEBUG	Calling bootstrap method startup on aushelper@mozilla.org version 2.0
1496570134821	addons.xpi	DEBUG	Registering manifest for /usr/lib/firefox/browser/features/e10srollout@mozilla.org.xpi
1496570134822	addons.xpi	DEBUG	Loading bootstrap scope from /usr/lib/firefox/browser/features/e10srollout@mozilla.org.xpi
1496570134825	addons.xpi	DEBUG	Calling bootstrap method startup on e10srollout@mozilla.org version 1.14
1496570134826	addons.xpi	DEBUG	Registering manifest for /usr/lib/firefox/browser/features/firefox@getpocket.com.xpi
1496570134828	addons.xpi	DEBUG	Loading bootstrap scope from /usr/lib/firefox/browser/features/firefox@getpocket.com.xpi
1496570134833	addons.xpi	DEBUG	Calling bootstrap method startup on firefox@getpocket.com version 1.0.5
1496570134843	addons.xpi-utils	DEBUG	Starting async load of XPI database /tmp/anonymous4259456679228090534webdriver-profile/extensions.json
1496570134845	addons.xpi	DEBUG	Registering manifest for /usr/lib/firefox/browser/extensions/langpack-en-GB@firefox.mozilla.org.xpi
1496570134848	addons.xpi	DEBUG	Registering manifest for /usr/lib/firefox/browser/extensions/langpack-en-ZA@firefox.mozilla.org.xpi
1496570134851	addons.xpi	DEBUG	Registering manifest for /usr/lib/firefox/browser/features/webcompat@mozilla.org.xpi
1496570134852	addons.xpi	DEBUG	Loading bootstrap scope from /usr/lib/firefox/browser/features/webcompat@mozilla.org.xpi
1496570134854	addons.xpi	DEBUG	Calling bootstrap method startup on webcompat@mozilla.org version 1.0
1496570134857	addons.manager	DEBUG	Registering shutdown blocker for XPIProvider
1496570134857	addons.manager	DEBUG	Provider finished startup: XPIProvider
1496570134857	addons.manager	DEBUG	Starting provider: LightweightThemeManager
1496570134857	addons.manager	DEBUG	Registering shutdown blocker for LightweightThemeManager
1496570134858	addons.manager	DEBUG	Provider finished startup: LightweightThemeManager
1496570134859	addons.manager	DEBUG	Starting provider: GMPProvider
1496570134865	addons.manager	DEBUG	Registering shutdown blocker for GMPProvider
1496570134866	addons.manager	DEBUG	Provider finished startup: GMPProvider
1496570134866	addons.manager	DEBUG	Starting provider: PluginProvider
1496570134867	addons.manager	DEBUG	Registering shutdown blocker for PluginProvider
1496570134867	addons.manager	DEBUG	Provider finished startup: PluginProvider
1496570134868	addons.manager	DEBUG	Completed startup sequence
1496570135264	addons.xpi-utils	DEBUG	Async JSON file read took 0 MS
1496570135264	addons.xpi-utils	DEBUG	Finished async read of XPI database, parsing...
1496570135270	addons.xpi-utils	DEBUG	Successfully read XPI database
1496570135290	addons.manager	DEBUG	Starting provider: <unnamed-provider>
1496570135290	addons.manager	DEBUG	Registering shutdown blocker for <unnamed-provider>
1496570135291	addons.manager	DEBUG	Provider finished startup: <unnamed-provider>
*** Blocklist::_loadBlocklistFromFile: blocklist is disabled
1496570135473	addons.manager	DEBUG	Starting provider: PreviousExperimentProvider
1496570135474	addons.manager	DEBUG	Registering shutdown blocker for PreviousExperimentProvider
1496570135474	addons.manager	DEBUG	Provider finished startup: PreviousExperimentProvider
1496570148089	addons.xpi	DEBUG	Add-on fxdriver@googlecode.com blocks e10s rollout.
1496570148091	addons.xpi	DEBUG	Add-on fxdriver@googlecode.com blocks e10s rollout.
1496570148092	addons.xpi	DEBUG	Add-on fxdriver@googlecode.com blocks e10s rollout.
1496570148107	addons.xpi	DEBUG	Add-on ubufox@ubuntu.com blocks e10s rollout.
1496570148108	addons.xpi	DEBUG	Add-on ubufox@ubuntu.com blocks e10s rollout.
1496570148110	addons.xpi	DEBUG	Add-on ubufox@ubuntu.com blocks e10s rollout.
1496570151494	addons.xpi	DEBUG	Add-on fxdriver@googlecode.com blocks e10s rollout.
1496570151496	addons.xpi	DEBUG	Add-on fxdriver@googlecode.com blocks e10s rollout.
1496570151499	addons.xpi	DEBUG	Add-on fxdriver@googlecode.com blocks e10s rollout.

	at org.openqa.selenium.firefox.internal.NewProfileExtensionConnection.start(NewProfileExtensionConnection.java:118)
	at org.openqa.selenium.firefox.FirefoxDriver.startClient(FirefoxDriver.java:246)
	at org.openqa.selenium.remote.RemoteWebDriver.<init>(RemoteWebDriver.java:114)
	at org.openqa.selenium.firefox.FirefoxDriver.<init>(FirefoxDriver.java:191)
	at org.openqa.selenium.firefox.FirefoxDriver.<init>(FirefoxDriver.java:186)
	at org.openqa.selenium.firefox.FirefoxDriver.<init>(FirefoxDriver.java:182)
	at org.openqa.selenium.firefox.FirefoxDriver.<init>(FirefoxDriver.java:95)
	at io.github.bibekshakya35.web.SeleniumTest.wikipediaSearchFeature(SeleniumTest.java:21)
	at sun.reflect.NativeMethodAccessorImpl.invoke0(Native Method)
	at sun.reflect.NativeMethodAccessorImpl.invoke(NativeMethodAccessorImpl.java:62)
	at sun.reflect.DelegatingMethodAccessorImpl.invoke(DelegatingMethodAccessorImpl.java:43)
	at java.lang.reflect.Method.invoke(Method.java:498)
	at org.junit.runners.model.FrameworkMethod$1.runReflectiveCall(FrameworkMethod.java:50)
	at org.junit.internal.runners.model.ReflectiveCallable.run(ReflectiveCallable.java:12)
	at org.junit.runners.model.FrameworkMethod.invokeExplosively(FrameworkMethod.java:47)
	at org.junit.internal.runners.statements.InvokeMethod.evaluate(InvokeMethod.java:17)
	at org.junit.runners.ParentRunner.runLeaf(ParentRunner.java:325)
	at org.junit.runners.BlockJUnit4ClassRunner.runChild(BlockJUnit4ClassRunner.java:78)
	at org.junit.runners.BlockJUnit4ClassRunner.runChild(BlockJUnit4ClassRunner.java:57)
	at org.junit.runners.ParentRunner$3.run(ParentRunner.java:290)
	at org.junit.runners.ParentRunner$1.schedule(ParentRunner.java:71)
	at org.junit.runners.ParentRunner.runChildren(ParentRunner.java:288)
	at org.junit.runners.ParentRunner.access$000(ParentRunner.java:58)
	at org.junit.runners.ParentRunner$2.evaluate(ParentRunner.java:268)
	at org.junit.runners.ParentRunner.run(ParentRunner.java:363)
	at org.gradle.api.internal.tasks.testing.junit.JUnitTestClassExecuter.runTestClass(JUnitTestClassExecuter.java:112)
	at org.gradle.api.internal.tasks.testing.junit.JUnitTestClassExecuter.execute(JUnitTestClassExecuter.java:56)
	at org.gradle.api.internal.tasks.testing.junit.JUnitTestClassProcessor.processTestClass(JUnitTestClassProcessor.java:66)
	at org.gradle.api.internal.tasks.testing.SuiteTestClassProcessor.processTestClass(SuiteTestClassProcessor.java:51)
	at sun.reflect.NativeMethodAccessorImpl.invoke0(Native Method)
	at sun.reflect.NativeMethodAccessorImpl.invoke(NativeMethodAccessorImpl.java:62)
	at sun.reflect.DelegatingMethodAccessorImpl.invoke(DelegatingMethodAccessorImpl.java:43)
	at java.lang.reflect.Method.invoke(Method.java:498)
	at org.gradle.messaging.dispatch.ReflectionDispatch.dispatch(ReflectionDispatch.java:35)
	at org.gradle.messaging.dispatch.ReflectionDispatch.dispatch(ReflectionDispatch.java:24)
	at org.gradle.messaging.dispatch.ContextClassLoaderDispatch.dispatch(ContextClassLoaderDispatch.java:32)
	at org.gradle.messaging.dispatch.ProxyDispatchAdapter$DispatchingInvocationHandler.invoke(ProxyDispatchAdapter.java:93)
	at com.sun.proxy.$Proxy2.processTestClass(Unknown Source)
	at org.gradle.api.internal.tasks.testing.worker.TestWorker.processTestClass(TestWorker.java:109)
	at sun.reflect.NativeMethodAccessorImpl.invoke0(Native Method)
	at sun.reflect.NativeMethodAccessorImpl.invoke(NativeMethodAccessorImpl.java:62)
	at sun.reflect.DelegatingMethodAccessorImpl.invoke(DelegatingMethodAccessorImpl.java:43)
	at java.lang.reflect.Method.invoke(Method.java:498)
	at org.gradle.messaging.dispatch.ReflectionDispatch.dispatch(ReflectionDispatch.java:35)
	at org.gradle.messaging.dispatch.ReflectionDispatch.dispatch(ReflectionDispatch.java:24)
	at org.gradle.messaging.remote.internal.hub.MessageHub$Handler.run(MessageHub.java:364)
	at org.gradle.internal.concurrent.ExecutorPolicy$CatchAndRecordFailures.onExecute(ExecutorPolicy.java:54)
	at org.gradle.internal.concurrent.StoppableExecutorImpl$1.run(StoppableExecutorImpl.java:40)
	at java.util.concurrent.ThreadPoolExecutor.runWorker(ThreadPoolExecutor.java:1142)
	at java.util.concurrent.ThreadPoolExecutor$Worker.run(ThreadPoolExecutor.java:617)
	at java.lang.Thread.run(Thread.java:745)
]]></system-err>
</testsuite>
