<!DOCTYPE html>
<html>
<head>
<meta http-equiv="Content-Type" content="text/html; charset=utf-8"/>
<meta http-equiv="x-ua-compatible" content="IE=edge"/>
<title>Test results - Class io.github.bibekshakya35.web.SeleniumTest</title>
<link href="../css/base-style.css" rel="stylesheet" type="text/css"/>
<link href="../css/style.css" rel="stylesheet" type="text/css"/>
<script src="../js/report.js" type="text/javascript"></script>
</head>
<body>
<div id="content">
<h1>Class io.github.bibekshakya35.web.SeleniumTest</h1>
<div class="breadcrumbs">
<a href="../index.html">all</a> &gt; 
<a href="../packages/io.github.bibekshakya35.web.html">io.github.bibekshakya35.web</a> &gt; SeleniumTest</div>
<div id="summary">
<table>
<tr>
<td>
<div class="summaryGroup">
<table>
<tr>
<td>
<div class="infoBox" id="tests">
<div class="counter">1</div>
<p>tests</p>
</div>
</td>
<td>
<div class="infoBox" id="failures">
<div class="counter">1</div>
<p>failures</p>
</div>
</td>
<td>
<div class="infoBox" id="ignored">
<div class="counter">0</div>
<p>ignored</p>
</div>
</td>
<td>
<div class="infoBox" id="duration">
<div class="counter">56.997s</div>
<p>duration</p>
</div>
</td>
</tr>
</table>
</div>
</td>
<td>
<div class="infoBox failures" id="successRate">
<div class="percent">0%</div>
<p>successful</p>
</div>
</td>
</tr>
</table>
</div>
<div id="tabs">
<ul class="tabLinks">
<li>
<a href="#tab0">Failed tests</a>
</li>
<li>
<a href="#tab1">Tests</a>
</li>
<li>
<a href="#tab2">Standard error</a>
</li>
</ul>
<div id="tab0" class="tab">
<h2>Failed tests</h2>
<div class="test">
<a name="wikipediaSearchFeature"></a>
<h3 class="failures">wikipediaSearchFeature</h3>
<span class="code">
<pre>org.openqa.selenium.WebDriverException: Failed to connect to binary FirefoxBinary(/usr/bin/firefox) on port 7055; process output follows: 
ozilla.org.xpi
1496570134813	addons.xpi	DEBUG	Loading bootstrap scope from /usr/lib/firefox/browser/features/aushelper@mozilla.org.xpi
1496570134821	addons.xpi	DEBUG	Calling bootstrap method startup on aushelper@mozilla.org version 2.0
1496570134821	addons.xpi	DEBUG	Registering manifest for /usr/lib/firefox/browser/features/e10srollout@mozilla.org.xpi
1496570134822	addons.xpi	DEBUG	Loading bootstrap scope from /usr/lib/firefox/browser/features/e10srollout@mozilla.org.xpi
1496570134825	addons.xpi	DEBUG	Calling bootstrap method startup on e10srollout@mozilla.org version 1.14
1496570134826	addons.xpi	DEBUG	Registering manifest for /usr/lib/firefox/browser/features/firefox@getpocket.com.xpi
1496570134828	addons.xpi	DEBUG	Loading bootstrap scope from /usr/lib/firefox/browser/features/firefox@getpocket.com.xpi
1496570134833	addons.xpi	DEBUG	Calling bootstrap method startup on firefox@getpocket.com version 1.0.5
1496570134843	addons.xpi-utils	DEBUG	Starting async load of XPI database /tmp/anonymous4259456679228090534webdriver-profile/extensions.json
1496570134845	addons.xpi	DEBUG	Registering manifest for /usr/lib/firefox/browser/extensions/langpack-en-GB@firefox.mozilla.org.xpi
1496570134848	addons.xpi	DEBUG	Registering manifest for /usr/lib/firefox/browser/extensions/langpack-en-ZA@firefox.mozilla.org.xpi
1496570134851	addons.xpi	DEBUG	Registering manifest for /usr/lib/firefox/browser/features/webcompat@mozilla.org.xpi
1496570134852	addons.xpi	DEBUG	Loading bootstrap scope from /usr/lib/firefox/browser/features/webcompat@mozilla.org.xpi
1496570134854	addons.xpi	DEBUG	Calling bootstrap method startup on webcompat@mozilla.org version 1.0
1496570134857	addons.manager	DEBUG	Registering shutdown blocker for XPIProvider
1496570134857	addons.manager	DEBUG	Provider finished startup: XPIProvider
1496570134857	addons.manager	DEBUG	Starting provider: LightweightThemeManager
1496570134857	addons.manager	DEBUG	Registering shutdown blocker for LightweightThemeManager
1496570134858	addons.manager	DEBUG	Provider finished startup: LightweightThemeManager
1496570134859	addons.manager	DEBUG	Starting provider: GMPProvider
1496570134865	addons.manager	DEBUG	Registering shutdown blocker for GMPProvider
1496570134866	addons.manager	DEBUG	Provider finished startup: GMPProvider
1496570134866	addons.manager	DEBUG	Starting provider: PluginProvider
1496570134867	addons.manager	DEBUG	Registering shutdown blocker for PluginProvider
1496570134867	addons.manager	DEBUG	Provider finished startup: PluginProvider
1496570134868	addons.manager	DEBUG	Completed startup sequence
1496570135264	addons.xpi-utils	DEBUG	Async JSON file read took 0 MS
1496570135264	addons.xpi-utils	DEBUG	Finished async read of XPI database, parsing...
1496570135270	addons.xpi-utils	DEBUG	Successfully read XPI database
1496570135290	addons.manager	DEBUG	Starting provider: &lt;unnamed-provider&gt;
1496570135290	addons.manager	DEBUG	Registering shutdown blocker for &lt;unnamed-provider&gt;
1496570135291	addons.manager	DEBUG	Provider finished startup: &lt;unnamed-provider&gt;
*** Blocklist::_loadBlocklistFromFile: blocklist is disabled
1496570135473	addons.manager	DEBUG	Starting provider: PreviousExperimentProvider
1496570135474	addons.manager	DEBUG	Registering shutdown blocker for PreviousExperimentProvider
1496570135474	addons.manager	DEBUG	Provider finished startup: PreviousExperimentProvider
1496570148089	addons.xpi	DEBUG	Add-on fxdriver@googlecode.com blocks e10s rollout.
1496570148091	addons.xpi	DEBUG	Add-on fxdriver@googlecode.com blocks e10s rollout.
1496570148092	addons.xpi	DEBUG	Add-on fxdriver@googlecode.com blocks e10s rollout.
1496570148107	addons.xpi	DEBUG	Add-on ubufox@ubuntu.com blocks e10s rollout.
1496570148108	addons.xpi	DEBUG	Add-on ubufox@ubuntu.com blocks e10s rollout.
1496570148110	addons.xpi	DEBUG	Add-on ubufox@ubuntu.com blocks e10s rollout.
1496570151494	addons.xpi	DEBUG	Add-on fxdriver@googlecode.com blocks e10s rollout.
1496570151496	addons.xpi	DEBUG	Add-on fxdriver@googlecode.com blocks e10s rollout.
1496570151499	addons.xpi	DEBUG	Add-on fxdriver@googlecode.com blocks e10s rollout.

Build info: version: '2.45.0', revision: '5017cb8e7ca8e37638dc3091b2440b90a1d8686f', time: '2015-02-27 09:10:26'
System info: host: 'bibek-Lenovo-B470', ip: '127.0.1.1', os.name: 'Linux', os.arch: 'amd64', os.version: '4.4.0-78-generic', java.version: '1.8.0_121'
Driver info: driver.version: FirefoxDriver
	at org.openqa.selenium.firefox.internal.NewProfileExtensionConnection.start(NewProfileExtensionConnection.java:130)
	at org.openqa.selenium.firefox.FirefoxDriver.startClient(FirefoxDriver.java:246)
	at org.openqa.selenium.remote.RemoteWebDriver.&lt;init&gt;(RemoteWebDriver.java:114)
	at org.openqa.selenium.firefox.FirefoxDriver.&lt;init&gt;(FirefoxDriver.java:191)
	at org.openqa.selenium.firefox.FirefoxDriver.&lt;init&gt;(FirefoxDriver.java:186)
	at org.openqa.selenium.firefox.FirefoxDriver.&lt;init&gt;(FirefoxDriver.java:182)
	at org.openqa.selenium.firefox.FirefoxDriver.&lt;init&gt;(FirefoxDriver.java:95)
	at io.github.bibekshakya35.web.SeleniumTest.wikipediaSearchFeature(SeleniumTest.java:21)
	at sun.reflect.NativeMethodAccessorImpl.invoke0(Native Method)
	at sun.reflect.NativeMethodAccessorImpl.invoke(NativeMethodAccessorImpl.java:62)
	at sun.reflect.DelegatingMethodAccessorImpl.invoke(DelegatingMethodAccessorImpl.java:43)
	at java.lang.reflect.Method.invoke(Method.java:498)
	at org.junit.runners.model.FrameworkMethod$1.runReflectiveCall(FrameworkMethod.java:50)
	at org.junit.internal.runners.model.ReflectiveCallable.run(ReflectiveCallable.java:12)
	at org.junit.runners.model.FrameworkMethod.invokeExplosively(FrameworkMethod.java:47)
	at org.junit.internal.runners.statements.InvokeMethod.evaluate(InvokeMethod.java:17)
	at org.junit.runners.ParentRunner.runLeaf(ParentRunner.java:325)
	at org.junit.runners.BlockJUnit4ClassRunner.runChild(BlockJUnit4ClassRunner.java:78)
	at org.junit.runners.BlockJUnit4ClassRunner.runChild(BlockJUnit4ClassRunner.java:57)
	at org.junit.runners.ParentRunner$3.run(ParentRunner.java:290)
	at org.junit.runners.ParentRunner$1.schedule(ParentRunner.java:71)
	at org.junit.runners.ParentRunner.runChildren(ParentRunner.java:288)
	at org.junit.runners.ParentRunner.access$000(ParentRunner.java:58)
	at org.junit.runners.ParentRunner$2.evaluate(ParentRunner.java:268)
	at org.junit.runners.ParentRunner.run(ParentRunner.java:363)
	at org.gradle.api.internal.tasks.testing.junit.JUnitTestClassExecuter.runTestClass(JUnitTestClassExecuter.java:112)
	at org.gradle.api.internal.tasks.testing.junit.JUnitTestClassExecuter.execute(JUnitTestClassExecuter.java:56)
	at org.gradle.api.internal.tasks.testing.junit.JUnitTestClassProcessor.processTestClass(JUnitTestClassProcessor.java:66)
	at org.gradle.api.internal.tasks.testing.SuiteTestClassProcessor.processTestClass(SuiteTestClassProcessor.java:51)
	at sun.reflect.NativeMethodAccessorImpl.invoke0(Native Method)
	at sun.reflect.NativeMethodAccessorImpl.invoke(NativeMethodAccessorImpl.java:62)
	at sun.reflect.DelegatingMethodAccessorImpl.invoke(DelegatingMethodAccessorImpl.java:43)
	at java.lang.reflect.Method.invoke(Method.java:498)
	at org.gradle.messaging.dispatch.ReflectionDispatch.dispatch(ReflectionDispatch.java:35)
	at org.gradle.messaging.dispatch.ReflectionDispatch.dispatch(ReflectionDispatch.java:24)
	at org.gradle.messaging.dispatch.ContextClassLoaderDispatch.dispatch(ContextClassLoaderDispatch.java:32)
	at org.gradle.messaging.dispatch.ProxyDispatchAdapter$DispatchingInvocationHandler.invoke(ProxyDispatchAdapter.java:93)
	at com.sun.proxy.$Proxy2.processTestClass(Unknown Source)
	at org.gradle.api.internal.tasks.testing.worker.TestWorker.processTestClass(TestWorker.java:109)
	at sun.reflect.NativeMethodAccessorImpl.invoke0(Native Method)
	at sun.reflect.NativeMethodAccessorImpl.invoke(NativeMethodAccessorImpl.java:62)
	at sun.reflect.DelegatingMethodAccessorImpl.invoke(DelegatingMethodAccessorImpl.java:43)
	at java.lang.reflect.Method.invoke(Method.java:498)
	at org.gradle.messaging.dispatch.ReflectionDispatch.dispatch(ReflectionDispatch.java:35)
	at org.gradle.messaging.dispatch.ReflectionDispatch.dispatch(ReflectionDispatch.java:24)
	at org.gradle.messaging.remote.internal.hub.MessageHub$Handler.run(MessageHub.java:364)
	at org.gradle.internal.concurrent.ExecutorPolicy$CatchAndRecordFailures.onExecute(ExecutorPolicy.java:54)
	at org.gradle.internal.concurrent.StoppableExecutorImpl$1.run(StoppableExecutorImpl.java:40)
	at java.util.concurrent.ThreadPoolExecutor.runWorker(ThreadPoolExecutor.java:1142)
	at java.util.concurrent.ThreadPoolExecutor$Worker.run(ThreadPoolExecutor.java:617)
	at java.lang.Thread.run(Thread.java:745)
Caused by: org.openqa.selenium.firefox.NotConnectedException: Unable to connect to host 127.0.0.1 on port 7055 after 45000 ms. Firefox console output:
ozilla.org.xpi
1496570134813	addons.xpi	DEBUG	Loading bootstrap scope from /usr/lib/firefox/browser/features/aushelper@mozilla.org.xpi
1496570134821	addons.xpi	DEBUG	Calling bootstrap method startup on aushelper@mozilla.org version 2.0
1496570134821	addons.xpi	DEBUG	Registering manifest for /usr/lib/firefox/browser/features/e10srollout@mozilla.org.xpi
1496570134822	addons.xpi	DEBUG	Loading bootstrap scope from /usr/lib/firefox/browser/features/e10srollout@mozilla.org.xpi
1496570134825	addons.xpi	DEBUG	Calling bootstrap method startup on e10srollout@mozilla.org version 1.14
1496570134826	addons.xpi	DEBUG	Registering manifest for /usr/lib/firefox/browser/features/firefox@getpocket.com.xpi
1496570134828	addons.xpi	DEBUG	Loading bootstrap scope from /usr/lib/firefox/browser/features/firefox@getpocket.com.xpi
1496570134833	addons.xpi	DEBUG	Calling bootstrap method startup on firefox@getpocket.com version 1.0.5
1496570134843	addons.xpi-utils	DEBUG	Starting async load of XPI database /tmp/anonymous4259456679228090534webdriver-profile/extensions.json
1496570134845	addons.xpi	DEBUG	Registering manifest for /usr/lib/firefox/browser/extensions/langpack-en-GB@firefox.mozilla.org.xpi
1496570134848	addons.xpi	DEBUG	Registering manifest for /usr/lib/firefox/browser/extensions/langpack-en-ZA@firefox.mozilla.org.xpi
1496570134851	addons.xpi	DEBUG	Registering manifest for /usr/lib/firefox/browser/features/webcompat@mozilla.org.xpi
1496570134852	addons.xpi	DEBUG	Loading bootstrap scope from /usr/lib/firefox/browser/features/webcompat@mozilla.org.xpi
1496570134854	addons.xpi	DEBUG	Calling bootstrap method startup on webcompat@mozilla.org version 1.0
1496570134857	addons.manager	DEBUG	Registering shutdown blocker for XPIProvider
1496570134857	addons.manager	DEBUG	Provider finished startup: XPIProvider
1496570134857	addons.manager	DEBUG	Starting provider: LightweightThemeManager
1496570134857	addons.manager	DEBUG	Registering shutdown blocker for LightweightThemeManager
1496570134858	addons.manager	DEBUG	Provider finished startup: LightweightThemeManager
1496570134859	addons.manager	DEBUG	Starting provider: GMPProvider
1496570134865	addons.manager	DEBUG	Registering shutdown blocker for GMPProvider
1496570134866	addons.manager	DEBUG	Provider finished startup: GMPProvider
1496570134866	addons.manager	DEBUG	Starting provider: PluginProvider
1496570134867	addons.manager	DEBUG	Registering shutdown blocker for PluginProvider
1496570134867	addons.manager	DEBUG	Provider finished startup: PluginProvider
1496570134868	addons.manager	DEBUG	Completed startup sequence
1496570135264	addons.xpi-utils	DEBUG	Async JSON file read took 0 MS
1496570135264	addons.xpi-utils	DEBUG	Finished async read of XPI database, parsing...
1496570135270	addons.xpi-utils	DEBUG	Successfully read XPI database
1496570135290	addons.manager	DEBUG	Starting provider: &lt;unnamed-provider&gt;
1496570135290	addons.manager	DEBUG	Registering shutdown blocker for &lt;unnamed-provider&gt;
1496570135291	addons.manager	DEBUG	Provider finished startup: &lt;unnamed-provider&gt;
*** Blocklist::_loadBlocklistFromFile: blocklist is disabled
1496570135473	addons.manager	DEBUG	Starting provider: PreviousExperimentProvider
1496570135474	addons.manager	DEBUG	Registering shutdown blocker for PreviousExperimentProvider
1496570135474	addons.manager	DEBUG	Provider finished startup: PreviousExperimentProvider
1496570148089	addons.xpi	DEBUG	Add-on fxdriver@googlecode.com blocks e10s rollout.
1496570148091	addons.xpi	DEBUG	Add-on fxdriver@googlecode.com blocks e10s rollout.
1496570148092	addons.xpi	DEBUG	Add-on fxdriver@googlecode.com blocks e10s rollout.
1496570148107	addons.xpi	DEBUG	Add-on ubufox@ubuntu.com blocks e10s rollout.
1496570148108	addons.xpi	DEBUG	Add-on ubufox@ubuntu.com blocks e10s rollout.
1496570148110	addons.xpi	DEBUG	Add-on ubufox@ubuntu.com blocks e10s rollout.
1496570151494	addons.xpi	DEBUG	Add-on fxdriver@googlecode.com blocks e10s rollout.
1496570151496	addons.xpi	DEBUG	Add-on fxdriver@googlecode.com blocks e10s rollout.
1496570151499	addons.xpi	DEBUG	Add-on fxdriver@googlecode.com blocks e10s rollout.

	at org.openqa.selenium.firefox.internal.NewProfileExtensionConnection.start(NewProfileExtensionConnection.java:118)
	... 50 more
</pre>
</span>
</div>
</div>
<div id="tab1" class="tab">
<h2>Tests</h2>
<table>
<thead>
<tr>
<th>Test</th>
<th>Duration</th>
<th>Result</th>
</tr>
</thead>
<tr>
<td class="failures">wikipediaSearchFeature</td>
<td>56.997s</td>
<td class="failures">failed</td>
</tr>
</table>
</div>
<div id="tab2" class="tab">
<h2>Standard error</h2>
<span class="code">
<pre>org.openqa.selenium.firefox.NotConnectedException: Unable to connect to host 127.0.0.1 on port 7055 after 45000 ms. Firefox console output:
ozilla.org.xpi
1496570134813	addons.xpi	DEBUG	Loading bootstrap scope from /usr/lib/firefox/browser/features/aushelper@mozilla.org.xpi
1496570134821	addons.xpi	DEBUG	Calling bootstrap method startup on aushelper@mozilla.org version 2.0
1496570134821	addons.xpi	DEBUG	Registering manifest for /usr/lib/firefox/browser/features/e10srollout@mozilla.org.xpi
1496570134822	addons.xpi	DEBUG	Loading bootstrap scope from /usr/lib/firefox/browser/features/e10srollout@mozilla.org.xpi
1496570134825	addons.xpi	DEBUG	Calling bootstrap method startup on e10srollout@mozilla.org version 1.14
1496570134826	addons.xpi	DEBUG	Registering manifest for /usr/lib/firefox/browser/features/firefox@getpocket.com.xpi
1496570134828	addons.xpi	DEBUG	Loading bootstrap scope from /usr/lib/firefox/browser/features/firefox@getpocket.com.xpi
1496570134833	addons.xpi	DEBUG	Calling bootstrap method startup on firefox@getpocket.com version 1.0.5
1496570134843	addons.xpi-utils	DEBUG	Starting async load of XPI database /tmp/anonymous4259456679228090534webdriver-profile/extensions.json
1496570134845	addons.xpi	DEBUG	Registering manifest for /usr/lib/firefox/browser/extensions/langpack-en-GB@firefox.mozilla.org.xpi
1496570134848	addons.xpi	DEBUG	Registering manifest for /usr/lib/firefox/browser/extensions/langpack-en-ZA@firefox.mozilla.org.xpi
1496570134851	addons.xpi	DEBUG	Registering manifest for /usr/lib/firefox/browser/features/webcompat@mozilla.org.xpi
1496570134852	addons.xpi	DEBUG	Loading bootstrap scope from /usr/lib/firefox/browser/features/webcompat@mozilla.org.xpi
1496570134854	addons.xpi	DEBUG	Calling bootstrap method startup on webcompat@mozilla.org version 1.0
1496570134857	addons.manager	DEBUG	Registering shutdown blocker for XPIProvider
1496570134857	addons.manager	DEBUG	Provider finished startup: XPIProvider
1496570134857	addons.manager	DEBUG	Starting provider: LightweightThemeManager
1496570134857	addons.manager	DEBUG	Registering shutdown blocker for LightweightThemeManager
1496570134858	addons.manager	DEBUG	Provider finished startup: LightweightThemeManager
1496570134859	addons.manager	DEBUG	Starting provider: GMPProvider
1496570134865	addons.manager	DEBUG	Registering shutdown blocker for GMPProvider
1496570134866	addons.manager	DEBUG	Provider finished startup: GMPProvider
1496570134866	addons.manager	DEBUG	Starting provider: PluginProvider
1496570134867	addons.manager	DEBUG	Registering shutdown blocker for PluginProvider
1496570134867	addons.manager	DEBUG	Provider finished startup: PluginProvider
1496570134868	addons.manager	DEBUG	Completed startup sequence
1496570135264	addons.xpi-utils	DEBUG	Async JSON file read took 0 MS
1496570135264	addons.xpi-utils	DEBUG	Finished async read of XPI database, parsing...
1496570135270	addons.xpi-utils	DEBUG	Successfully read XPI database
1496570135290	addons.manager	DEBUG	Starting provider: &lt;unnamed-provider&gt;
1496570135290	addons.manager	DEBUG	Registering shutdown blocker for &lt;unnamed-provider&gt;
1496570135291	addons.manager	DEBUG	Provider finished startup: &lt;unnamed-provider&gt;
*** Blocklist::_loadBlocklistFromFile: blocklist is disabled
1496570135473	addons.manager	DEBUG	Starting provider: PreviousExperimentProvider
1496570135474	addons.manager	DEBUG	Registering shutdown blocker for PreviousExperimentProvider
1496570135474	addons.manager	DEBUG	Provider finished startup: PreviousExperimentProvider
1496570148089	addons.xpi	DEBUG	Add-on fxdriver@googlecode.com blocks e10s rollout.
1496570148091	addons.xpi	DEBUG	Add-on fxdriver@googlecode.com blocks e10s rollout.
1496570148092	addons.xpi	DEBUG	Add-on fxdriver@googlecode.com blocks e10s rollout.
1496570148107	addons.xpi	DEBUG	Add-on ubufox@ubuntu.com blocks e10s rollout.
1496570148108	addons.xpi	DEBUG	Add-on ubufox@ubuntu.com blocks e10s rollout.
1496570148110	addons.xpi	DEBUG	Add-on ubufox@ubuntu.com blocks e10s rollout.
1496570151494	addons.xpi	DEBUG	Add-on fxdriver@googlecode.com blocks e10s rollout.
1496570151496	addons.xpi	DEBUG	Add-on fxdriver@googlecode.com blocks e10s rollout.
1496570151499	addons.xpi	DEBUG	Add-on fxdriver@googlecode.com blocks e10s rollout.

	at org.openqa.selenium.firefox.internal.NewProfileExtensionConnection.start(NewProfileExtensionConnection.java:118)
	at org.openqa.selenium.firefox.FirefoxDriver.startClient(FirefoxDriver.java:246)
	at org.openqa.selenium.remote.RemoteWebDriver.&lt;init&gt;(RemoteWebDriver.java:114)
	at org.openqa.selenium.firefox.FirefoxDriver.&lt;init&gt;(FirefoxDriver.java:191)
	at org.openqa.selenium.firefox.FirefoxDriver.&lt;init&gt;(FirefoxDriver.java:186)
	at org.openqa.selenium.firefox.FirefoxDriver.&lt;init&gt;(FirefoxDriver.java:182)
	at org.openqa.selenium.firefox.FirefoxDriver.&lt;init&gt;(FirefoxDriver.java:95)
	at io.github.bibekshakya35.web.SeleniumTest.wikipediaSearchFeature(SeleniumTest.java:21)
	at sun.reflect.NativeMethodAccessorImpl.invoke0(Native Method)
	at sun.reflect.NativeMethodAccessorImpl.invoke(NativeMethodAccessorImpl.java:62)
	at sun.reflect.DelegatingMethodAccessorImpl.invoke(DelegatingMethodAccessorImpl.java:43)
	at java.lang.reflect.Method.invoke(Method.java:498)
	at org.junit.runners.model.FrameworkMethod$1.runReflectiveCall(FrameworkMethod.java:50)
	at org.junit.internal.runners.model.ReflectiveCallable.run(ReflectiveCallable.java:12)
	at org.junit.runners.model.FrameworkMethod.invokeExplosively(FrameworkMethod.java:47)
	at org.junit.internal.runners.statements.InvokeMethod.evaluate(InvokeMethod.java:17)
	at org.junit.runners.ParentRunner.runLeaf(ParentRunner.java:325)
	at org.junit.runners.BlockJUnit4ClassRunner.runChild(BlockJUnit4ClassRunner.java:78)
	at org.junit.runners.BlockJUnit4ClassRunner.runChild(BlockJUnit4ClassRunner.java:57)
	at org.junit.runners.ParentRunner$3.run(ParentRunner.java:290)
	at org.junit.runners.ParentRunner$1.schedule(ParentRunner.java:71)
	at org.junit.runners.ParentRunner.runChildren(ParentRunner.java:288)
	at org.junit.runners.ParentRunner.access$000(ParentRunner.java:58)
	at org.junit.runners.ParentRunner$2.evaluate(ParentRunner.java:268)
	at org.junit.runners.ParentRunner.run(ParentRunner.java:363)
	at org.gradle.api.internal.tasks.testing.junit.JUnitTestClassExecuter.runTestClass(JUnitTestClassExecuter.java:112)
	at org.gradle.api.internal.tasks.testing.junit.JUnitTestClassExecuter.execute(JUnitTestClassExecuter.java:56)
	at org.gradle.api.internal.tasks.testing.junit.JUnitTestClassProcessor.processTestClass(JUnitTestClassProcessor.java:66)
	at org.gradle.api.internal.tasks.testing.SuiteTestClassProcessor.processTestClass(SuiteTestClassProcessor.java:51)
	at sun.reflect.NativeMethodAccessorImpl.invoke0(Native Method)
	at sun.reflect.NativeMethodAccessorImpl.invoke(NativeMethodAccessorImpl.java:62)
	at sun.reflect.DelegatingMethodAccessorImpl.invoke(DelegatingMethodAccessorImpl.java:43)
	at java.lang.reflect.Method.invoke(Method.java:498)
	at org.gradle.messaging.dispatch.ReflectionDispatch.dispatch(ReflectionDispatch.java:35)
	at org.gradle.messaging.dispatch.ReflectionDispatch.dispatch(ReflectionDispatch.java:24)
	at org.gradle.messaging.dispatch.ContextClassLoaderDispatch.dispatch(ContextClassLoaderDispatch.java:32)
	at org.gradle.messaging.dispatch.ProxyDispatchAdapter$DispatchingInvocationHandler.invoke(ProxyDispatchAdapter.java:93)
	at com.sun.proxy.$Proxy2.processTestClass(Unknown Source)
	at org.gradle.api.internal.tasks.testing.worker.TestWorker.processTestClass(TestWorker.java:109)
	at sun.reflect.NativeMethodAccessorImpl.invoke0(Native Method)
	at sun.reflect.NativeMethodAccessorImpl.invoke(NativeMethodAccessorImpl.java:62)
	at sun.reflect.DelegatingMethodAccessorImpl.invoke(DelegatingMethodAccessorImpl.java:43)
	at java.lang.reflect.Method.invoke(Method.java:498)
	at org.gradle.messaging.dispatch.ReflectionDispatch.dispatch(ReflectionDispatch.java:35)
	at org.gradle.messaging.dispatch.ReflectionDispatch.dispatch(ReflectionDispatch.java:24)
	at org.gradle.messaging.remote.internal.hub.MessageHub$Handler.run(MessageHub.java:364)
	at org.gradle.internal.concurrent.ExecutorPolicy$CatchAndRecordFailures.onExecute(ExecutorPolicy.java:54)
	at org.gradle.internal.concurrent.StoppableExecutorImpl$1.run(StoppableExecutorImpl.java:40)
	at java.util.concurrent.ThreadPoolExecutor.runWorker(ThreadPoolExecutor.java:1142)
	at java.util.concurrent.ThreadPoolExecutor$Worker.run(ThreadPoolExecutor.java:617)
	at java.lang.Thread.run(Thread.java:745)
</pre>
</span>
</div>
</div>
<div id="footer">
<p>
<div>
<label class="hidden" id="label-for-line-wrapping-toggle" for="line-wrapping-toggle">Wrap lines
<input id="line-wrapping-toggle" type="checkbox" autocomplete="off"/>
</label>
</div>Generated by 
<a href="http://www.gradle.org">Gradle 2.13</a> at Jun 4, 2017 3:41:22 PM</p>
</div>
</div>
</body>
</html>
